ZONE n= 128.0   e= 543.0    f=fepointet=brick
NODE
   -4.745753    7.405823   -5.133246    0.000000
   -6.642229    6.948287   -5.121720    0.000000
   -8.219277    5.799813   -5.126321    0.000000
   -9.236756    4.135295   -5.141568    0.000000
   -9.539813    2.208075   -5.150995    0.000000
   -9.082277    0.311561   -5.151231    0.000000
   -7.933813   -1.265479   -5.142205    0.000000
   -6.269276   -2.282971   -5.130595    0.000000
   -4.342038   -2.586025   -5.132746    0.000000
   -2.445560   -2.128495   -5.145100    0.000000
   -0.868510   -0.980027   -5.151838    0.000000
    0.148994    0.684541   -5.150234    0.000000
    0.452036    2.611769   -5.141739    0.000000
   -0.005516    4.508277   -5.142161    0.000000
   -1.153994    6.085307   -5.151364    0.000000
   -2.818568    7.102795   -5.148703    0.000000
   -5.149485   17.397670   -5.952911    0.000000
  -10.838912   16.025063   -5.877492    0.000000
  -15.570054   12.579641   -5.907695    0.000000
  -18.622491    7.586087   -6.006971    0.000000
  -19.531663    1.804427   -6.067732    0.000000
  -18.159056   -3.885115   -6.069246    0.000000
  -14.713663   -8.616236   -6.011090    0.000000
   -9.720053  -11.668712   -5.935685    0.000000
   -3.938338  -12.577873   -5.949708    0.000000
    1.751096  -11.205283   -6.029798    0.000000
    6.482244   -7.759880   -6.073142    0.000000
    9.534758   -2.766175   -6.062847    0.000000
   10.443882    3.015508   -6.008102    0.000000
    9.071226    8.705032   -6.010827    0.000000
    5.625793   13.436122   -6.070099    0.000000
    0.632072   16.488587   -6.052999    0.000000
   -6.642229    6.948287   -0.121720    0.000000
  -10.838912   16.025063   -0.877492    0.000000
   -5.956948   37.381363   -8.751949    0.000000
  -19.232278   34.178613   -8.485032    0.000000
  -30.271610   26.139297   -8.592280    0.000000
  -37.393963   14.487670   -8.941796    0.000000
  -39.515363    0.997131   -9.153450    0.000000
  -36.312613  -12.278467   -9.158704    0.000000
  -28.273363  -23.317751   -8.956199    0.000000
  -16.621607  -30.440195   -8.691394    0.000000
   -3.130938  -32.561569   -8.740830    0.000000
   10.144407  -29.358859   -9.021518    0.000000
   21.183753  -21.319586   -9.172217    0.000000
   28.306285   -9.667607   -9.136501    0.000000
   30.427575    3.822985   -8.945822    0.000000
   27.224710   17.098541   -8.955338    0.000000
   19.185368   28.137753   -9.161663    0.000000
    7.533351   35.260171   -9.102271    0.000000
  -19.232278   34.178613   -3.485032    0.000000
   -8.219277    5.799813   -0.126321    0.000000
  -15.570054   12.579641   -0.907695    0.000000
  -30.271610   26.139297   -3.592280    0.000000
   -6.764411   57.365056  -12.278943    0.000000
  -27.625644   52.332164  -11.802853    0.000000
  -44.973166   39.698952  -11.994804    0.000000
  -56.165435   21.389253  -12.614414    0.000000
  -59.499063    0.189835  -12.984806    0.000000
  -54.466170  -20.671819  -12.993953    0.000000
  -41.833064  -38.019265  -12.639740    0.000000
  -23.523162  -49.211677  -12.171554    0.000000
   -2.323539  -52.545265  -12.259365    0.000000
   18.537718  -47.512435  -12.754384    0.000000
   35.885262  -34.879292  -13.017461    0.000000
   47.077812  -16.569040  -12.955292    0.000000
   50.411268    4.630462  -12.621557    0.000000
   45.378195   25.492051  -12.638281    0.000000
   32.744943   42.839383  -12.999099    0.000000
   14.434630   54.031754  -12.895586    0.000000
  -27.625644   52.332164   -6.802853    0.000000
  -44.973166   39.698952   -6.994804    0.000000
   -9.236756    4.135295   -0.141568    0.000000
  -18.622491    7.586087   -1.006971    0.000000
  -37.393963   14.487670   -3.941796    0.000000
  -56.165435   21.389253   -7.614414    0.000000
   -9.539813    2.208075   -0.150995    0.000000
  -19.531663    1.804427   -1.067732    0.000000
  -39.515363    0.997131   -4.153450    0.000000
  -59.499063    0.189835   -7.984806    0.000000
   -9.082277    0.311561   -0.151231    0.000000
  -18.159056   -3.885115   -1.069246    0.000000
  -36.312613  -12.278467   -4.158704    0.000000
  -54.466170  -20.671819   -7.993953    0.000000
   -7.933813   -1.265479   -0.142205    0.000000
  -14.713663   -8.616236   -1.011090    0.000000
  -28.273363  -23.317751   -3.956199    0.000000
  -41.833064  -38.019265   -7.639740    0.000000
   -6.269276   -2.282971   -0.130595    0.000000
   -9.720053  -11.668712   -0.935685    0.000000
  -16.621607  -30.440195   -3.691394    0.000000
  -23.523162  -49.211677   -7.171554    0.000000
   -4.342038   -2.586025   -0.132746    0.000000
   -3.938338  -12.577873   -0.949708    0.000000
   -3.130938  -32.561569   -3.740830    0.000000
   -2.323539  -52.545265   -7.259365    0.000000
   -2.445560   -2.128495   -0.145100    0.000000
    1.751096  -11.205283   -1.029798    0.000000
   10.144407  -29.358859   -4.021518    0.000000
   18.537718  -47.512435   -7.754384    0.000000
   -0.868510   -0.980027   -0.151838    0.000000
    6.482244   -7.759880   -1.073142    0.000000
   21.183753  -21.319586   -4.172217    0.000000
   35.885262  -34.879292   -8.017461    0.000000
    0.148994    0.684541   -0.150234    0.000000
    9.534758   -2.766175   -1.062847    0.000000
   28.306285   -9.667607   -4.136501    0.000000
   47.077812  -16.569040   -7.955292    0.000000
    0.452036    2.611769   -0.141739    0.000000
   10.443882    3.015508   -1.008102    0.000000
   30.427575    3.822985   -3.945822    0.000000
   50.411268    4.630462   -7.621557    0.000000
   -0.005516    4.508277   -0.142161    0.000000
    9.071226    8.705032   -1.010827    0.000000
   27.224710   17.098541   -3.955338    0.000000
   45.378195   25.492051   -7.638281    0.000000
   -1.153994    6.085307   -0.151364    0.000000
    5.625793   13.436122   -1.070099    0.000000
   19.185368   28.137753   -4.161663    0.000000
   32.744943   42.839383   -7.999099    0.000000
   -2.818568    7.102795   -0.148703    0.000000
    0.632072   16.488587   -1.052999    0.000000
    7.533351   35.260171   -4.102271    0.000000
   14.434630   54.031754   -7.895586    0.000000
   -4.745753    7.405823   -0.133246    0.000000
   -5.149485   17.397670   -0.952911    0.000000
   -5.956948   37.381363   -3.751949    0.000000
   -6.764411   57.365056   -7.278943    0.000000
ELEMENT
    1.  125.    0.    0.    0.    0.    0.    0.
    2.   33.    0.    0.    0.    0.    0.    0.
    3.   52.    0.    0.    0.    0.    0.    0.
    4.   73.    0.    0.    0.    0.    0.    0.
    5.   77.    0.    0.    0.    0.    0.    0.
    6.   81.    0.    0.    0.    0.    0.    0.
    7.   85.    0.    0.    0.    0.    0.    0.
    8.   89.    0.    0.    0.    0.    0.    0.
    9.   93.    0.    0.    0.    0.    0.    0.
   10.   97.    0.    0.    0.    0.    0.    0.
   11.  101.    0.    0.    0.    0.    0.    0.
   12.  105.    0.    0.    0.    0.    0.    0.
   13.  109.    0.    0.    0.    0.    0.    0.
   14.  113.    0.    0.    0.    0.    0.    0.
   15.  117.    0.    0.    0.    0.    0.    0.
   16.  121.    0.    0.    0.    0.    0.    0.
    2.    1.    0.    0.    0.    0.    0.    0.
    3.    2.    0.    0.    0.    0.    0.    0.
    4.    3.    0.    0.    0.    0.    0.    0.
    5.    4.    0.    0.    0.    0.    0.    0.
    6.    5.    0.    0.    0.    0.    0.    0.
    7.    6.    0.    0.    0.    0.    0.    0.
    8.    7.    0.    0.    0.    0.    0.    0.
    9.    8.    0.    0.    0.    0.    0.    0.
   10.    9.    0.    0.    0.    0.    0.    0.
   11.   10.    0.    0.    0.    0.    0.    0.
   12.   11.    0.    0.    0.    0.    0.    0.
   13.   12.    0.    0.    0.    0.    0.    0.
   14.   13.    0.    0.    0.    0.    0.    0.
   15.   14.    0.    0.    0.    0.    0.    0.
   16.   15.    0.    0.    0.    0.    0.    0.
    1.   16.    0.    0.    0.    0.    0.    0.
  125.  126.    0.    0.    0.    0.    0.    0.
  126.  127.    0.    0.    0.    0.    0.    0.
  127.  128.    0.    0.    0.    0.    0.    0.
  125.   33.    0.    0.    0.    0.    0.    0.
   33.   52.    0.    0.    0.    0.    0.    0.
   52.   73.    0.    0.    0.    0.    0.    0.
   73.   77.    0.    0.    0.    0.    0.    0.
   77.   81.    0.    0.    0.    0.    0.    0.
   81.   85.    0.    0.    0.    0.    0.    0.
   85.   89.    0.    0.    0.    0.    0.    0.
   89.   93.    0.    0.    0.    0.    0.    0.
   93.   97.    0.    0.    0.    0.    0.    0.
   97.  101.    0.    0.    0.    0.    0.    0.
  101.  105.    0.    0.    0.    0.    0.    0.
  105.  109.    0.    0.    0.    0.    0.    0.
  109.  113.    0.    0.    0.    0.    0.    0.
  113.  117.    0.    0.    0.    0.    0.    0.
  117.  121.    0.    0.    0.    0.    0.    0.
  121.  125.    0.    0.    0.    0.    0.    0.
  126.    1.    0.    0.    0.    0.    0.    0.
  127.   17.    0.    0.    0.    0.    0.    0.
  128.   35.    0.    0.    0.    0.    0.    0.
    1.   33.    0.    0.    0.    0.    0.    0.
    2.   52.    0.    0.    0.    0.    0.    0.
    3.   73.    0.    0.    0.    0.    0.    0.
    4.   77.    0.    0.    0.    0.    0.    0.
    5.   81.    0.    0.    0.    0.    0.    0.
    6.   85.    0.    0.    0.    0.    0.    0.
    7.   89.    0.    0.    0.    0.    0.    0.
    8.   93.    0.    0.    0.    0.    0.    0.
    9.   97.    0.    0.    0.    0.    0.    0.
   10.  101.    0.    0.    0.    0.    0.    0.
   11.  105.    0.    0.    0.    0.    0.    0.
   12.  109.    0.    0.    0.    0.    0.    0.
   13.  113.    0.    0.    0.    0.    0.    0.
   14.  117.    0.    0.    0.    0.    0.    0.
   15.  121.    0.    0.    0.    0.    0.    0.
   16.  125.    0.    0.    0.    0.    0.    0.
  125.    2.    0.    0.    0.    0.    0.    0.
   33.    3.    0.    0.    0.    0.    0.    0.
   52.    4.    0.    0.    0.    0.    0.    0.
   73.    5.    0.    0.    0.    0.    0.    0.
   77.    6.    0.    0.    0.    0.    0.    0.
   81.    7.    0.    0.    0.    0.    0.    0.
   85.    8.    0.    0.    0.    0.    0.    0.
   89.    9.    0.    0.    0.    0.    0.    0.
   93.   10.    0.    0.    0.    0.    0.    0.
   97.   11.    0.    0.    0.    0.    0.    0.
  101.   12.    0.    0.    0.    0.    0.    0.
  105.   13.    0.    0.    0.    0.    0.    0.
  109.   14.    0.    0.    0.    0.    0.    0.
  113.   15.    0.    0.    0.    0.    0.    0.
  117.   16.    0.    0.    0.    0.    0.    0.
  121.    1.    0.    0.    0.    0.    0.    0.
  125.   34.    0.    0.    0.    0.    0.    0.
  126.   51.    0.    0.    0.    0.    0.    0.
  127.   71.    0.    0.    0.    0.    0.    0.
  128.   71.    0.    0.    0.    0.    0.    0.
   33.  126.    0.    0.    0.    0.    0.    0.
   34.  127.    0.    0.    0.    0.    0.    0.
   51.  128.    0.    0.    0.    0.    0.    0.
   71.  128.    0.    0.    0.    0.    0.    0.
   17.  126.    0.    0.    0.    0.    0.    0.
   18.   34.    0.    0.    0.    0.    0.    0.
   19.   53.    0.    0.    0.    0.    0.    0.
   20.   74.    0.    0.    0.    0.    0.    0.
   21.   78.    0.    0.    0.    0.    0.    0.
   22.   82.    0.    0.    0.    0.    0.    0.
   23.   86.    0.    0.    0.    0.    0.    0.
   24.   90.    0.    0.    0.    0.    0.    0.
   25.   94.    0.    0.    0.    0.    0.    0.
   26.   98.    0.    0.    0.    0.    0.    0.
   27.  102.    0.    0.    0.    0.    0.    0.
   28.  106.    0.    0.    0.    0.    0.    0.
   29.  110.    0.    0.    0.    0.    0.    0.
   30.  114.    0.    0.    0.    0.    0.    0.
   31.  118.    0.    0.    0.    0.    0.    0.
   32.  122.    0.    0.    0.    0.    0.    0.
   18.   17.    0.    0.    0.    0.    0.    0.
   19.   18.    0.    0.    0.    0.    0.    0.
   20.   19.    0.    0.    0.    0.    0.    0.
   21.   20.    0.    0.    0.    0.    0.    0.
   22.   21.    0.    0.    0.    0.    0.    0.
   23.   22.    0.    0.    0.    0.    0.    0.
   24.   23.    0.    0.    0.    0.    0.    0.
   25.   24.    0.    0.    0.    0.    0.    0.
   26.   25.    0.    0.    0.    0.    0.    0.
   27.   26.    0.    0.    0.    0.    0.    0.
   28.   27.    0.    0.    0.    0.    0.    0.
   29.   28.    0.    0.    0.    0.    0.    0.
   30.   29.    0.    0.    0.    0.    0.    0.
   31.   30.    0.    0.    0.    0.    0.    0.
   32.   31.    0.    0.    0.    0.    0.    0.
   17.   32.    0.    0.    0.    0.    0.    0.
   33.   34.    0.    0.    0.    0.    0.    0.
   34.   51.    0.    0.    0.    0.    0.    0.
   51.   71.    0.    0.    0.    0.    0.    0.
  126.   34.    0.    0.    0.    0.    0.    0.
   34.   53.    0.    0.    0.    0.    0.    0.
   53.   74.    0.    0.    0.    0.    0.    0.
   74.   78.    0.    0.    0.    0.    0.    0.
   78.   82.    0.    0.    0.    0.    0.    0.
   82.   86.    0.    0.    0.    0.    0.    0.
   86.   90.    0.    0.    0.    0.    0.    0.
   90.   94.    0.    0.    0.    0.    0.    0.
   94.   98.    0.    0.    0.    0.    0.    0.
   98.  102.    0.    0.    0.    0.    0.    0.
  102.  106.    0.    0.    0.    0.    0.    0.
  106.  110.    0.    0.    0.    0.    0.    0.
  110.  114.    0.    0.    0.    0.    0.    0.
  114.  118.    0.    0.    0.    0.    0.    0.
  118.  122.    0.    0.    0.    0.    0.    0.
  122.  126.    0.    0.    0.    0.    0.    0.
   34.    2.    0.    0.    0.    0.    0.    0.
   51.   18.    0.    0.    0.    0.    0.    0.
   71.   36.    0.    0.    0.    0.    0.    0.
   17.   34.    0.    0.    0.    0.    0.    0.
   18.   53.    0.    0.    0.    0.    0.    0.
   19.   74.    0.    0.    0.    0.    0.    0.
   20.   78.    0.    0.    0.    0.    0.    0.
   21.   82.    0.    0.    0.    0.    0.    0.
   22.   86.    0.    0.    0.    0.    0.    0.
   23.   90.    0.    0.    0.    0.    0.    0.
   24.   94.    0.    0.    0.    0.    0.    0.
   25.   98.    0.    0.    0.    0.    0.    0.
   26.  102.    0.    0.    0.    0.    0.    0.
   27.  106.    0.    0.    0.    0.    0.    0.
   28.  110.    0.    0.    0.    0.    0.    0.
   29.  114.    0.    0.    0.    0.    0.    0.
   30.  118.    0.    0.    0.    0.    0.    0.
   31.  122.    0.    0.    0.    0.    0.    0.
   32.  126.    0.    0.    0.    0.    0.    0.
  126.   18.    0.    0.    0.    0.    0.    0.
   34.   19.    0.    0.    0.    0.    0.    0.
   53.   20.    0.    0.    0.    0.    0.    0.
   74.   21.    0.    0.    0.    0.    0.    0.
   78.   22.    0.    0.    0.    0.    0.    0.
   82.   23.    0.    0.    0.    0.    0.    0.
   86.   24.    0.    0.    0.    0.    0.    0.
   90.   25.    0.    0.    0.    0.    0.    0.
   94.   26.    0.    0.    0.    0.    0.    0.
   98.   27.    0.    0.    0.    0.    0.    0.
  102.   28.    0.    0.    0.    0.    0.    0.
  106.   29.    0.    0.    0.    0.    0.    0.
  110.   30.    0.    0.    0.    0.    0.    0.
  114.   31.    0.    0.    0.    0.    0.    0.
  118.   32.    0.    0.    0.    0.    0.    0.
  122.   17.    0.    0.    0.    0.    0.    0.
   33.   53.    0.    0.    0.    0.    0.    0.
   34.   54.    0.    0.    0.    0.    0.    0.
   51.   72.    0.    0.    0.    0.    0.    0.
   71.   72.    0.    0.    0.    0.    0.    0.
   52.   34.    0.    0.    0.    0.    0.    0.
   53.   51.    0.    0.    0.    0.    0.    0.
   54.   71.    0.    0.    0.    0.    0.    0.
   72.   71.    0.    0.    0.    0.    0.    0.
   35.  127.    0.    0.    0.    0.    0.    0.
   36.   51.    0.    0.    0.    0.    0.    0.
   37.   54.    0.    0.    0.    0.    0.    0.
   38.   75.    0.    0.    0.    0.    0.    0.
   39.   79.    0.    0.    0.    0.    0.    0.
   40.   83.    0.    0.    0.    0.    0.    0.
   41.   87.    0.    0.    0.    0.    0.    0.
   42.   91.    0.    0.    0.    0.    0.    0.
   43.   95.    0.    0.    0.    0.    0.    0.
   44.   99.    0.    0.    0.    0.    0.    0.
   45.  103.    0.    0.    0.    0.    0.    0.
   46.  107.    0.    0.    0.    0.    0.    0.
   47.  111.    0.    0.    0.    0.    0.    0.
   48.  115.    0.    0.    0.    0.    0.    0.
   49.  119.    0.    0.    0.    0.    0.    0.
   50.  123.    0.    0.    0.    0.    0.    0.
   36.   35.    0.    0.    0.    0.    0.    0.
   37.   36.    0.    0.    0.    0.    0.    0.
   38.   37.    0.    0.    0.    0.    0.    0.
   39.   38.    0.    0.    0.    0.    0.    0.
   40.   39.    0.    0.    0.    0.    0.    0.
   41.   40.    0.    0.    0.    0.    0.    0.
   42.   41.    0.    0.    0.    0.    0.    0.
   43.   42.    0.    0.    0.    0.    0.    0.
   44.   43.    0.    0.    0.    0.    0.    0.
   45.   44.    0.    0.    0.    0.    0.    0.
   46.   45.    0.    0.    0.    0.    0.    0.
   47.   46.    0.    0.    0.    0.    0.    0.
   48.   47.    0.    0.    0.    0.    0.    0.
   49.   48.    0.    0.    0.    0.    0.    0.
   50.   49.    0.    0.    0.    0.    0.    0.
   35.   50.    0.    0.    0.    0.    0.    0.
   52.   53.    0.    0.    0.    0.    0.    0.
   53.   54.    0.    0.    0.    0.    0.    0.
   54.   72.    0.    0.    0.    0.    0.    0.
  127.   51.    0.    0.    0.    0.    0.    0.
   51.   54.    0.    0.    0.    0.    0.    0.
   54.   75.    0.    0.    0.    0.    0.    0.
   75.   79.    0.    0.    0.    0.    0.    0.
   79.   83.    0.    0.    0.    0.    0.    0.
   83.   87.    0.    0.    0.    0.    0.    0.
   87.   91.    0.    0.    0.    0.    0.    0.
   91.   95.    0.    0.    0.    0.    0.    0.
   95.   99.    0.    0.    0.    0.    0.    0.
   99.  103.    0.    0.    0.    0.    0.    0.
  103.  107.    0.    0.    0.    0.    0.    0.
  107.  111.    0.    0.    0.    0.    0.    0.
  111.  115.    0.    0.    0.    0.    0.    0.
  115.  119.    0.    0.    0.    0.    0.    0.
  119.  123.    0.    0.    0.    0.    0.    0.
  123.  127.    0.    0.    0.    0.    0.    0.
   53.    3.    0.    0.    0.    0.    0.    0.
   54.   19.    0.    0.    0.    0.    0.    0.
   72.   37.    0.    0.    0.    0.    0.    0.
   35.   51.    0.    0.    0.    0.    0.    0.
   36.   54.    0.    0.    0.    0.    0.    0.
   37.   75.    0.    0.    0.    0.    0.    0.
   38.   79.    0.    0.    0.    0.    0.    0.
   39.   83.    0.    0.    0.    0.    0.    0.
   40.   87.    0.    0.    0.    0.    0.    0.
   41.   91.    0.    0.    0.    0.    0.    0.
   42.   95.    0.    0.    0.    0.    0.    0.
   43.   99.    0.    0.    0.    0.    0.    0.
   44.  103.    0.    0.    0.    0.    0.    0.
   45.  107.    0.    0.    0.    0.    0.    0.
   46.  111.    0.    0.    0.    0.    0.    0.
   47.  115.    0.    0.    0.    0.    0.    0.
   48.  119.    0.    0.    0.    0.    0.    0.
   49.  123.    0.    0.    0.    0.    0.    0.
   50.  127.    0.    0.    0.    0.    0.    0.
  127.   36.    0.    0.    0.    0.    0.    0.
   51.   37.    0.    0.    0.    0.    0.    0.
   54.   38.    0.    0.    0.    0.    0.    0.
   75.   39.    0.    0.    0.    0.    0.    0.
   79.   40.    0.    0.    0.    0.    0.    0.
   83.   41.    0.    0.    0.    0.    0.    0.
   87.   42.    0.    0.    0.    0.    0.    0.
   91.   43.    0.    0.    0.    0.    0.    0.
   95.   44.    0.    0.    0.    0.    0.    0.
   99.   45.    0.    0.    0.    0.    0.    0.
  103.   46.    0.    0.    0.    0.    0.    0.
  107.   47.    0.    0.    0.    0.    0.    0.
  111.   48.    0.    0.    0.    0.    0.    0.
  115.   49.    0.    0.    0.    0.    0.    0.
  119.   50.    0.    0.    0.    0.    0.    0.
  123.   35.    0.    0.    0.    0.    0.    0.
   52.   74.    0.    0.    0.    0.    0.    0.
   53.   75.    0.    0.    0.    0.    0.    0.
   54.   76.    0.    0.    0.    0.    0.    0.
   72.   76.    0.    0.    0.    0.    0.    0.
   73.   53.    0.    0.    0.    0.    0.    0.
   74.   54.    0.    0.    0.    0.    0.    0.
   75.   72.    0.    0.    0.    0.    0.    0.
   76.   72.    0.    0.    0.    0.    0.    0.
   55.  128.    0.    0.    0.    0.    0.    0.
   56.   71.    0.    0.    0.    0.    0.    0.
   57.   72.    0.    0.    0.    0.    0.    0.
   58.   76.    0.    0.    0.    0.    0.    0.
   59.   80.    0.    0.    0.    0.    0.    0.
   60.   84.    0.    0.    0.    0.    0.    0.
   61.   88.    0.    0.    0.    0.    0.    0.
   62.   92.    0.    0.    0.    0.    0.    0.
   63.   96.    0.    0.    0.    0.    0.    0.
   64.  100.    0.    0.    0.    0.    0.    0.
   65.  104.    0.    0.    0.    0.    0.    0.
   66.  108.    0.    0.    0.    0.    0.    0.
   67.  112.    0.    0.    0.    0.    0.    0.
   68.  116.    0.    0.    0.    0.    0.    0.
   69.  120.    0.    0.    0.    0.    0.    0.
   70.  124.    0.    0.    0.    0.    0.    0.
   56.   55.    0.    0.    0.    0.    0.    0.
   57.   56.    0.    0.    0.    0.    0.    0.
   58.   57.    0.    0.    0.    0.    0.    0.
   59.   58.    0.    0.    0.    0.    0.    0.
   60.   59.    0.    0.    0.    0.    0.    0.
   61.   60.    0.    0.    0.    0.    0.    0.
   62.   61.    0.    0.    0.    0.    0.    0.
   63.   62.    0.    0.    0.    0.    0.    0.
   64.   63.    0.    0.    0.    0.    0.    0.
   65.   64.    0.    0.    0.    0.    0.    0.
   66.   65.    0.    0.    0.    0.    0.    0.
   67.   66.    0.    0.    0.    0.    0.    0.
   68.   67.    0.    0.    0.    0.    0.    0.
   69.   68.    0.    0.    0.    0.    0.    0.
   70.   69.    0.    0.    0.    0.    0.    0.
   55.   70.    0.    0.    0.    0.    0.    0.
   73.   74.    0.    0.    0.    0.    0.    0.
   74.   75.    0.    0.    0.    0.    0.    0.
   75.   76.    0.    0.    0.    0.    0.    0.
  128.   71.    0.    0.    0.    0.    0.    0.
   71.   72.    0.    0.    0.    0.    0.    0.
   72.   76.    0.    0.    0.    0.    0.    0.
   76.   80.    0.    0.    0.    0.    0.    0.
   80.   84.    0.    0.    0.    0.    0.    0.
   84.   88.    0.    0.    0.    0.    0.    0.
   88.   92.    0.    0.    0.    0.    0.    0.
   92.   96.    0.    0.    0.    0.    0.    0.
   96.  100.    0.    0.    0.    0.    0.    0.
  100.  104.    0.    0.    0.    0.    0.    0.
  104.  108.    0.    0.    0.    0.    0.    0.
  108.  112.    0.    0.    0.    0.    0.    0.
  112.  116.    0.    0.    0.    0.    0.    0.
  116.  120.    0.    0.    0.    0.    0.    0.
  120.  124.    0.    0.    0.    0.    0.    0.
  124.  128.    0.    0.    0.    0.    0.    0.
   74.    4.    0.    0.    0.    0.    0.    0.
   75.   20.    0.    0.    0.    0.    0.    0.
   76.   38.    0.    0.    0.    0.    0.    0.
   55.   71.    0.    0.    0.    0.    0.    0.
   56.   72.    0.    0.    0.    0.    0.    0.
   57.   76.    0.    0.    0.    0.    0.    0.
   58.   80.    0.    0.    0.    0.    0.    0.
   59.   84.    0.    0.    0.    0.    0.    0.
   60.   88.    0.    0.    0.    0.    0.    0.
   61.   92.    0.    0.    0.    0.    0.    0.
   62.   96.    0.    0.    0.    0.    0.    0.
   63.  100.    0.    0.    0.    0.    0.    0.
   64.  104.    0.    0.    0.    0.    0.    0.
   65.  108.    0.    0.    0.    0.    0.    0.
   66.  112.    0.    0.    0.    0.    0.    0.
   67.  116.    0.    0.    0.    0.    0.    0.
   68.  120.    0.    0.    0.    0.    0.    0.
   69.  124.    0.    0.    0.    0.    0.    0.
   70.  128.    0.    0.    0.    0.    0.    0.
  128.   56.    0.    0.    0.    0.    0.    0.
   71.   57.    0.    0.    0.    0.    0.    0.
   72.   58.    0.    0.    0.    0.    0.    0.
   76.   59.    0.    0.    0.    0.    0.    0.
   80.   60.    0.    0.    0.    0.    0.    0.
   84.   61.    0.    0.    0.    0.    0.    0.
   88.   62.    0.    0.    0.    0.    0.    0.
   92.   63.    0.    0.    0.    0.    0.    0.
   96.   64.    0.    0.    0.    0.    0.    0.
  100.   65.    0.    0.    0.    0.    0.    0.
  104.   66.    0.    0.    0.    0.    0.    0.
  108.   67.    0.    0.    0.    0.    0.    0.
  112.   68.    0.    0.    0.    0.    0.    0.
  116.   69.    0.    0.    0.    0.    0.    0.
  120.   70.    0.    0.    0.    0.    0.    0.
  124.   55.    0.    0.    0.    0.    0.    0.
   73.   78.    0.    0.    0.    0.    0.    0.
   74.   79.    0.    0.    0.    0.    0.    0.
   75.   80.    0.    0.    0.    0.    0.    0.
   76.   80.    0.    0.    0.    0.    0.    0.
   77.   74.    0.    0.    0.    0.    0.    0.
   78.   75.    0.    0.    0.    0.    0.    0.
   79.   76.    0.    0.    0.    0.    0.    0.
   80.   76.    0.    0.    0.    0.    0.    0.
   77.   78.    0.    0.    0.    0.    0.    0.
   78.   79.    0.    0.    0.    0.    0.    0.
   79.   80.    0.    0.    0.    0.    0.    0.
   78.    5.    0.    0.    0.    0.    0.    0.
   79.   21.    0.    0.    0.    0.    0.    0.
   80.   39.    0.    0.    0.    0.    0.    0.
   77.   82.    0.    0.    0.    0.    0.    0.
   78.   83.    0.    0.    0.    0.    0.    0.
   79.   84.    0.    0.    0.    0.    0.    0.
   80.   84.    0.    0.    0.    0.    0.    0.
   81.   78.    0.    0.    0.    0.    0.    0.
   82.   79.    0.    0.    0.    0.    0.    0.
   83.   80.    0.    0.    0.    0.    0.    0.
   84.   80.    0.    0.    0.    0.    0.    0.
   81.   82.    0.    0.    0.    0.    0.    0.
   82.   83.    0.    0.    0.    0.    0.    0.
   83.   84.    0.    0.    0.    0.    0.    0.
   82.    6.    0.    0.    0.    0.    0.    0.
   83.   22.    0.    0.    0.    0.    0.    0.
   84.   40.    0.    0.    0.    0.    0.    0.
   81.   86.    0.    0.    0.    0.    0.    0.
   82.   87.    0.    0.    0.    0.    0.    0.
   83.   88.    0.    0.    0.    0.    0.    0.
   84.   88.    0.    0.    0.    0.    0.    0.
   85.   82.    0.    0.    0.    0.    0.    0.
   86.   83.    0.    0.    0.    0.    0.    0.
   87.   84.    0.    0.    0.    0.    0.    0.
   88.   84.    0.    0.    0.    0.    0.    0.
   85.   86.    0.    0.    0.    0.    0.    0.
   86.   87.    0.    0.    0.    0.    0.    0.
   87.   88.    0.    0.    0.    0.    0.    0.
   86.    7.    0.    0.    0.    0.    0.    0.
   87.   23.    0.    0.    0.    0.    0.    0.
   88.   41.    0.    0.    0.    0.    0.    0.
   85.   90.    0.    0.    0.    0.    0.    0.
   86.   91.    0.    0.    0.    0.    0.    0.
   87.   92.    0.    0.    0.    0.    0.    0.
   88.   92.    0.    0.    0.    0.    0.    0.
   89.   86.    0.    0.    0.    0.    0.    0.
   90.   87.    0.    0.    0.    0.    0.    0.
   91.   88.    0.    0.    0.    0.    0.    0.
   92.   88.    0.    0.    0.    0.    0.    0.
   89.   90.    0.    0.    0.    0.    0.    0.
   90.   91.    0.    0.    0.    0.    0.    0.
   91.   92.    0.    0.    0.    0.    0.    0.
   90.    8.    0.    0.    0.    0.    0.    0.
   91.   24.    0.    0.    0.    0.    0.    0.
   92.   42.    0.    0.    0.    0.    0.    0.
   89.   94.    0.    0.    0.    0.    0.    0.
   90.   95.    0.    0.    0.    0.    0.    0.
   91.   96.    0.    0.    0.    0.    0.    0.
   92.   96.    0.    0.    0.    0.    0.    0.
   93.   90.    0.    0.    0.    0.    0.    0.
   94.   91.    0.    0.    0.    0.    0.    0.
   95.   92.    0.    0.    0.    0.    0.    0.
   96.   92.    0.    0.    0.    0.    0.    0.
   93.   94.    0.    0.    0.    0.    0.    0.
   94.   95.    0.    0.    0.    0.    0.    0.
   95.   96.    0.    0.    0.    0.    0.    0.
   94.    9.    0.    0.    0.    0.    0.    0.
   95.   25.    0.    0.    0.    0.    0.    0.
   96.   43.    0.    0.    0.    0.    0.    0.
   93.   98.    0.    0.    0.    0.    0.    0.
   94.   99.    0.    0.    0.    0.    0.    0.
   95.  100.    0.    0.    0.    0.    0.    0.
   96.  100.    0.    0.    0.    0.    0.    0.
   97.   94.    0.    0.    0.    0.    0.    0.
   98.   95.    0.    0.    0.    0.    0.    0.
   99.   96.    0.    0.    0.    0.    0.    0.
  100.   96.    0.    0.    0.    0.    0.    0.
   97.   98.    0.    0.    0.    0.    0.    0.
   98.   99.    0.    0.    0.    0.    0.    0.
   99.  100.    0.    0.    0.    0.    0.    0.
   98.   10.    0.    0.    0.    0.    0.    0.
   99.   26.    0.    0.    0.    0.    0.    0.
  100.   44.    0.    0.    0.    0.    0.    0.
   97.  102.    0.    0.    0.    0.    0.    0.
   98.  103.    0.    0.    0.    0.    0.    0.
   99.  104.    0.    0.    0.    0.    0.    0.
  100.  104.    0.    0.    0.    0.    0.    0.
  101.   98.    0.    0.    0.    0.    0.    0.
  102.   99.    0.    0.    0.    0.    0.    0.
  103.  100.    0.    0.    0.    0.    0.    0.
  104.  100.    0.    0.    0.    0.    0.    0.
  101.  102.    0.    0.    0.    0.    0.    0.
  102.  103.    0.    0.    0.    0.    0.    0.
  103.  104.    0.    0.    0.    0.    0.    0.
  102.   11.    0.    0.    0.    0.    0.    0.
  103.   27.    0.    0.    0.    0.    0.    0.
  104.   45.    0.    0.    0.    0.    0.    0.
  101.  106.    0.    0.    0.    0.    0.    0.
  102.  107.    0.    0.    0.    0.    0.    0.
  103.  108.    0.    0.    0.    0.    0.    0.
  104.  108.    0.    0.    0.    0.    0.    0.
  105.  102.    0.    0.    0.    0.    0.    0.
  106.  103.    0.    0.    0.    0.    0.    0.
  107.  104.    0.    0.    0.    0.    0.    0.
  108.  104.    0.    0.    0.    0.    0.    0.
  105.  106.    0.    0.    0.    0.    0.    0.
  106.  107.    0.    0.    0.    0.    0.    0.
  107.  108.    0.    0.    0.    0.    0.    0.
  106.   12.    0.    0.    0.    0.    0.    0.
  107.   28.    0.    0.    0.    0.    0.    0.
  108.   46.    0.    0.    0.    0.    0.    0.
  105.  110.    0.    0.    0.    0.    0.    0.
  106.  111.    0.    0.    0.    0.    0.    0.
  107.  112.    0.    0.    0.    0.    0.    0.
  108.  112.    0.    0.    0.    0.    0.    0.
  109.  106.    0.    0.    0.    0.    0.    0.
  110.  107.    0.    0.    0.    0.    0.    0.
  111.  108.    0.    0.    0.    0.    0.    0.
  112.  108.    0.    0.    0.    0.    0.    0.
  109.  110.    0.    0.    0.    0.    0.    0.
  110.  111.    0.    0.    0.    0.    0.    0.
  111.  112.    0.    0.    0.    0.    0.    0.
  110.   13.    0.    0.    0.    0.    0.    0.
  111.   29.    0.    0.    0.    0.    0.    0.
  112.   47.    0.    0.    0.    0.    0.    0.
  109.  114.    0.    0.    0.    0.    0.    0.
  110.  115.    0.    0.    0.    0.    0.    0.
  111.  116.    0.    0.    0.    0.    0.    0.
  112.  116.    0.    0.    0.    0.    0.    0.
  113.  110.    0.    0.    0.    0.    0.    0.
  114.  111.    0.    0.    0.    0.    0.    0.
  115.  112.    0.    0.    0.    0.    0.    0.
  116.  112.    0.    0.    0.    0.    0.    0.
  113.  114.    0.    0.    0.    0.    0.    0.
  114.  115.    0.    0.    0.    0.    0.    0.
  115.  116.    0.    0.    0.    0.    0.    0.
  114.   14.    0.    0.    0.    0.    0.    0.
  115.   30.    0.    0.    0.    0.    0.    0.
  116.   48.    0.    0.    0.    0.    0.    0.
  113.  118.    0.    0.    0.    0.    0.    0.
  114.  119.    0.    0.    0.    0.    0.    0.
  115.  120.    0.    0.    0.    0.    0.    0.
  116.  120.    0.    0.    0.    0.    0.    0.
  117.  114.    0.    0.    0.    0.    0.    0.
  118.  115.    0.    0.    0.    0.    0.    0.
  119.  116.    0.    0.    0.    0.    0.    0.
  120.  116.    0.    0.    0.    0.    0.    0.
  117.  118.    0.    0.    0.    0.    0.    0.
  118.  119.    0.    0.    0.    0.    0.    0.
  119.  120.    0.    0.    0.    0.    0.    0.
  118.   15.    0.    0.    0.    0.    0.    0.
  119.   31.    0.    0.    0.    0.    0.    0.
  120.   49.    0.    0.    0.    0.    0.    0.
  117.  122.    0.    0.    0.    0.    0.    0.
  118.  123.    0.    0.    0.    0.    0.    0.
  119.  124.    0.    0.    0.    0.    0.    0.
  120.  124.    0.    0.    0.    0.    0.    0.
  121.  118.    0.    0.    0.    0.    0.    0.
  122.  119.    0.    0.    0.    0.    0.    0.
  123.  120.    0.    0.    0.    0.    0.    0.
  124.  120.    0.    0.    0.    0.    0.    0.
  121.  122.    0.    0.    0.    0.    0.    0.
  122.  123.    0.    0.    0.    0.    0.    0.
  123.  124.    0.    0.    0.    0.    0.    0.
  122.   16.    0.    0.    0.    0.    0.    0.
  123.   32.    0.    0.    0.    0.    0.    0.
  124.   50.    0.    0.    0.    0.    0.    0.
  121.  126.    0.    0.    0.    0.    0.    0.
  122.  127.    0.    0.    0.    0.    0.    0.
  123.  128.    0.    0.    0.    0.    0.    0.
  124.  128.    0.    0.    0.    0.    0.    0.
  125.  122.    0.    0.    0.    0.    0.    0.
  126.  123.    0.    0.    0.    0.    0.    0.
  127.  124.    0.    0.    0.    0.    0.    0.
NODEU
   -0.000246    0.000490   -0.141656    0.000000
   -0.000154    0.000370   -0.141667    0.000000
   -0.000091    0.000387   -0.141657    0.000000
   -0.000129    0.000481   -0.141631    0.000000
   -0.000198    0.000550   -0.141589    0.000000
   -0.000226    0.000603   -0.141538    0.000000
   -0.000219    0.000682   -0.141484    0.000000
   -0.000242    0.000763   -0.141439    0.000000
   -0.000308    0.000758   -0.141410    0.000000
   -0.000354    0.000684   -0.141398    0.000000
   -0.000397    0.000640   -0.141399    0.000000
   -0.000492    0.000627   -0.141410    0.000000
   -0.000577    0.000577   -0.141441    0.000000
   -0.000526    0.000524   -0.141495    0.000000
   -0.000379    0.000556   -0.141563    0.000000
   -0.000290    0.000589   -0.141621    0.000000
   -0.000106   -0.000921   -0.136094    0.000000
    0.000618   -0.001252   -0.136168    0.000000
    0.001079   -0.000803   -0.136101    0.000000
    0.001044   -0.000067   -0.135937    0.000000
    0.000949    0.000542   -0.135756    0.000000
    0.000824    0.001116   -0.135609    0.000000
    0.000665    0.001753   -0.135518    0.000000
    0.000310    0.002410   -0.135469    0.000000
   -0.000358    0.002448   -0.135421    0.000000
   -0.000904    0.001956   -0.135369    0.000000
   -0.001361    0.001521   -0.135338    0.000000
   -0.001827    0.001070   -0.135344    0.000000
   -0.002292    0.000484   -0.135420    0.000000
   -0.002065   -0.000145   -0.135557    0.000000
   -0.001256   -0.000336   -0.135737    0.000000
   -0.000626   -0.000434   -0.135929    0.000000
    0.000882   -0.001872   -0.141503    0.000000
    0.000997   -0.002061   -0.135751    0.000000
   -0.000673    0.017045   -0.124235    0.000000
   -0.006861    0.015012   -0.125111    0.000000
   -0.012114    0.011161   -0.124549    0.000000
   -0.015610    0.005819   -0.122956    0.000000
   -0.016377   -0.000293   -0.121813    0.000000
   -0.014949   -0.006189   -0.121749    0.000000
   -0.011340   -0.011168   -0.122691    0.000000
   -0.005782   -0.014186   -0.123784    0.000000
    0.000479   -0.015336   -0.123767    0.000000
    0.006670   -0.014245   -0.122878    0.000000
    0.011576   -0.010567   -0.122352    0.000000
    0.014666   -0.005274   -0.122585    0.000000
    0.015101    0.001005   -0.123256    0.000000
    0.013631    0.007185   -0.123199    0.000000
    0.010632    0.012744   -0.122532    0.000000
    0.005639    0.016356   -0.122882    0.000000
    0.001581   -0.003515   -0.125531    0.000000
    0.001783   -0.001263   -0.141496    0.000000
    0.001901   -0.001428   -0.135687    0.000000
    0.003114   -0.002216   -0.124991    0.000000
    0.000000    0.000000    0.000000    0.000000
    0.000000    0.000000    0.000000    0.000000
    0.000000    0.000000    0.000000    0.000000
    0.000000    0.000000    0.000000    0.000000
    0.000000    0.000000    0.000000    0.000000
    0.000000    0.000000    0.000000    0.000000
    0.000000    0.000000    0.000000    0.000000
    0.000000    0.000000    0.000000    0.000000
    0.000000    0.000000    0.000000    0.000000
    0.000000    0.000000    0.000000    0.000000
    0.000000    0.000000    0.000000    0.000000
    0.000000    0.000000    0.000000    0.000000
    0.000000    0.000000    0.000000    0.000000
    0.000000    0.000000    0.000000    0.000000
    0.000000    0.000000    0.000000    0.000000
    0.000000    0.000000    0.000000    0.000000
   -0.004636    0.009812   -0.001047    0.000000
   -0.008630    0.007368   -0.001033    0.000000
    0.002323   -0.000317   -0.141473    0.000000
    0.002411   -0.000412   -0.135528    0.000000
    0.003446   -0.000504   -0.123469    0.000000
   -0.012536    0.004121   -0.000988    0.000000
    0.002445    0.000777   -0.141429    0.000000
    0.002511    0.000743   -0.135347    0.000000
    0.003323    0.000767   -0.122346    0.000000
   -0.013873   -0.000662   -0.000997    0.000000
    0.002172    0.001850   -0.141377    0.000000
    0.002227    0.001865   -0.135198    0.000000
    0.003101    0.001877   -0.122275    0.000000
   -0.012561   -0.005455   -0.000991    0.000000
    0.001540    0.002756   -0.141324    0.000000
    0.001593    0.002834   -0.135102    0.000000
    0.002650    0.003225   -0.123175    0.000000
   -0.008855   -0.008801   -0.000991    0.000000
    0.000613    0.003342   -0.141273    0.000000
    0.000666    0.003480   -0.135046    0.000000
    0.001430    0.004645   -0.124192    0.000000
   -0.003939   -0.009875   -0.001036    0.000000
   -0.000473    0.003488   -0.141245    0.000000
   -0.000439    0.003620   -0.134995    0.000000
   -0.000566    0.004901   -0.124186    0.000000
    0.000649   -0.010854   -0.001019    0.000000
   -0.001537    0.003190   -0.141237    0.000000
   -0.001540    0.003255   -0.134945    0.000000
   -0.002174    0.003994   -0.123362    0.000000
    0.005603   -0.011236   -0.000973    0.000000
   -0.002439    0.002543   -0.141237    0.000000
   -0.002480    0.002536   -0.134916    0.000000
   -0.003231    0.002955   -0.122855    0.000000
    0.009810   -0.008833   -0.000982    0.000000
   -0.003072    0.001638   -0.141252    0.000000
   -0.003149    0.001584   -0.134929    0.000000
   -0.004061    0.001818   -0.123085    0.000000
    0.012153   -0.004558   -0.000988    0.000000
   -0.003299    0.000578   -0.141279    0.000000
   -0.003416    0.000518   -0.135006    0.000000
   -0.004704    0.000317   -0.123703    0.000000
    0.011708    0.000446   -0.001053    0.000000
   -0.003017   -0.000463   -0.141332    0.000000
   -0.003141   -0.000496   -0.135145    0.000000
   -0.004197   -0.001290   -0.123657    0.000000
    0.010838    0.005251   -0.001061    0.000000
   -0.002292   -0.001289   -0.141404    0.000000
   -0.002369   -0.001302   -0.135326    0.000000
   -0.002846   -0.002044   -0.123072    0.000000
    0.009586    0.010371   -0.000983    0.000000
   -0.001308   -0.001823   -0.141461    0.000000
   -0.001317   -0.001879   -0.135511    0.000000
   -0.001755   -0.002496   -0.123427    0.000000
    0.005861    0.013362   -0.000953    0.000000
   -0.000209   -0.002043   -0.141492    0.000000
   -0.000145   -0.002184   -0.135673    0.000000
   -0.000372   -0.003334   -0.124714    0.000000
   -0.000652    0.012690   -0.000991    0.000000
